<?xml version="1.0" encoding="UTF-8"?>
<!-- Generated by org.testng.reporters.JUnitReportReporter -->
<testsuite hostname="DESKTOP-D9BKGLB" failures="0" tests="3" name="GithubPackage.CreateTest" time="0.018" errors="0" timestamp="2022-09-29T12:50:51 IST" skipped="0">
  <testcase classname="GithubPackage.CreateTest" name="createnewTest" time="0.015"/>
  <system-out/>
  <testcase classname="GithubPackage.CreateTest" name="newupdate" time="0.001"/>
  <system-out/>
  <testcase classname="GithubPackage.CreateTest" name="update" time="0.002"/>
  <system-out/>
</testsuite> <!-- GithubPackage.CreateTest -->
