<?xml version="1.0" encoding="UTF-8"?>
<!-- Generated by org.testng.reporters.JUnitReportReporter -->
<testsuite hostname="DESKTOP-D9BKGLB" failures="0" tests="2" name="GithubPackage.DemoTest" time="0.007" errors="0" timestamp="2022-09-29T12:50:51 IST" skipped="0">
  <testcase classname="GithubPackage.DemoTest" name="systemttest" time="0.003"/>
  <system-out/>
  <testcase classname="GithubPackage.DemoTest" name="regression" time="0.004"/>
  <system-out/>
</testsuite> <!-- GithubPackage.DemoTest -->
