<?xml version="1.0" encoding="UTF-8"?>
<!-- Generated by org.testng.reporters.JUnitReportReporter -->
<testsuite hostname="DESKTOP-D9BKGLB" failures="0" tests="1" name="GithubPackage.SampleTest" time="0.003" errors="0" timestamp="2022-09-29T12:50:51 IST" skipped="0">
  <testcase classname="GithubPackage.SampleTest" name="reg" time="0.003"/>
  <system-out/>
</testsuite> <!-- GithubPackage.SampleTest -->
