<?xml version="1.0" encoding="UTF-8"?>
<!-- Generated by org.testng.reporters.JUnitReportReporter -->
<testsuite hostname="DESKTOP-D9BKGLB" failures="0" tests="1" name="GithubPackage.NewTest" time="0.004" errors="0" timestamp="2022-09-29T12:50:51 IST" skipped="0">
  <testcase classname="GithubPackage.NewTest" name="newtest" time="0.004"/>
  <system-out/>
</testsuite> <!-- GithubPackage.NewTest -->
